#-----------------------------------------------------------
# Vivado v2020.2 (64-bit)
# SW Build 3064766 on Wed Nov 18 09:12:45 MST 2020
# IP Build 3064653 on Wed Nov 18 14:17:31 MST 2020
# Start of session at: Tue Apr  1 16:16:54 2025
# Process ID: 3764
# Current directory: C:/Users/kccistc/Desktop/Test by_1/project_2
# Command line: vivado.exe -gui_launcher_event rodinguilauncherevent6000 C:\Users\kccistc\Desktop\Test by_1\project_2\project_2.xpr
# Log file: C:/Users/kccistc/Desktop/Test by_1/project_2/vivado.log
# Journal file: C:/Users/kccistc/Desktop/Test by_1/project_2\vivado.jou
#-----------------------------------------------------------
start_gui
open_project {C:/Users/kccistc/Desktop/Test by_1/project_2/project_2.xpr}
WARNING: [filemgmt 56-3] Default IP Output Path : Could not find the directory 'C:/Users/kccistc/Desktop/Test by_1/project_2/project_2.gen/sources_1'.
Scanning sources...
Finished scanning sources
INFO: [IP_Flow 19-234] Refreshing IP repositories
INFO: [IP_Flow 19-1704] No user IP repositories specified
INFO: [IP_Flow 19-2313] Loaded Vivado IP repository 'C:/Xilinx/Vivado/2020.2/data/ip'.
update_compile_order -fileset sources_1
synth_design -rtl -rtl_skip_mlo -name rtl_1
Command: synth_design -rtl -rtl_skip_mlo -name rtl_1
Starting synth_design
Using part: xc7a35tcpg236-1
Top: top_counter_up_down
INFO: [Device 21-403] Loading part xc7a35tcpg236-1
---------------------------------------------------------------------------------
Starting RTL Elaboration : Time (s): cpu = 00:00:03 ; elapsed = 00:00:02 . Memory (MB): peak = 1470.137 ; gain = 248.332
---------------------------------------------------------------------------------
INFO: [Synth 8-6157] synthesizing module 'top_counter_up_down' [C:/Users/kccistc/Desktop/Test by_1/project_2/project_2.srcs/sources_1/new/updown_counter.v:3]
INFO: [Synth 8-6157] synthesizing module 'counter_up_down' [C:/Users/kccistc/Desktop/Test by_1/project_2/project_2.srcs/sources_1/new/updown_counter.v:30]
INFO: [Synth 8-6157] synthesizing module 'clk_div_10hz' [C:/Users/kccistc/Desktop/Test by_1/project_2/project_2.srcs/sources_1/new/updown_counter.v:94]
INFO: [Synth 8-6155] done synthesizing module 'clk_div_10hz' (1#1) [C:/Users/kccistc/Desktop/Test by_1/project_2/project_2.srcs/sources_1/new/updown_counter.v:94]
INFO: [Synth 8-6157] synthesizing module 'U_Counter_Up_Down' [C:/Users/kccistc/Desktop/Test by_1/project_2/project_2.srcs/sources_1/new/updown_counter.v:55]
INFO: [Synth 8-6155] done synthesizing module 'U_Counter_Up_Down' (2#1) [C:/Users/kccistc/Desktop/Test by_1/project_2/project_2.srcs/sources_1/new/updown_counter.v:55]
INFO: [Synth 8-6155] done synthesizing module 'counter_up_down' (3#1) [C:/Users/kccistc/Desktop/Test by_1/project_2/project_2.srcs/sources_1/new/updown_counter.v:30]
INFO: [Synth 8-6157] synthesizing module 'fndController' [C:/Users/kccistc/Desktop/Test by_1/project_2/project_2.srcs/sources_1/new/fnd.v:1]
INFO: [Synth 8-6157] synthesizing module 'clk_div_1khz' [C:/Users/kccistc/Desktop/Test by_1/project_2/project_2.srcs/sources_1/new/fnd.v:54]
INFO: [Synth 8-6155] done synthesizing module 'clk_div_1khz' (4#1) [C:/Users/kccistc/Desktop/Test by_1/project_2/project_2.srcs/sources_1/new/fnd.v:54]
INFO: [Synth 8-6157] synthesizing module 'counter_2bit' [C:/Users/kccistc/Desktop/Test by_1/project_2/project_2.srcs/sources_1/new/fnd.v:77]
INFO: [Synth 8-6155] done synthesizing module 'counter_2bit' (5#1) [C:/Users/kccistc/Desktop/Test by_1/project_2/project_2.srcs/sources_1/new/fnd.v:77]
INFO: [Synth 8-6157] synthesizing module 'decoder_2x4' [C:/Users/kccistc/Desktop/Test by_1/project_2/project_2.srcs/sources_1/new/fnd.v:96]
INFO: [Synth 8-226] default block is never used [C:/Users/kccistc/Desktop/Test by_1/project_2/project_2.srcs/sources_1/new/fnd.v:101]
INFO: [Synth 8-6155] done synthesizing module 'decoder_2x4' (6#1) [C:/Users/kccistc/Desktop/Test by_1/project_2/project_2.srcs/sources_1/new/fnd.v:96]
INFO: [Synth 8-6157] synthesizing module 'digitsplitter' [C:/Users/kccistc/Desktop/Test by_1/project_2/project_2.srcs/sources_1/new/fnd.v:111]
INFO: [Synth 8-6155] done synthesizing module 'digitsplitter' (7#1) [C:/Users/kccistc/Desktop/Test by_1/project_2/project_2.srcs/sources_1/new/fnd.v:111]
INFO: [Synth 8-6157] synthesizing module 'mux_4x1' [C:/Users/kccistc/Desktop/Test by_1/project_2/project_2.srcs/sources_1/new/fnd.v:124]
INFO: [Synth 8-226] default block is never used [C:/Users/kccistc/Desktop/Test by_1/project_2/project_2.srcs/sources_1/new/fnd.v:133]
INFO: [Synth 8-6155] done synthesizing module 'mux_4x1' (8#1) [C:/Users/kccistc/Desktop/Test by_1/project_2/project_2.srcs/sources_1/new/fnd.v:124]
INFO: [Synth 8-6157] synthesizing module 'BCDtoSEG_decoder' [C:/Users/kccistc/Desktop/Test by_1/project_2/project_2.srcs/sources_1/new/fnd.v:143]
INFO: [Synth 8-226] default block is never used [C:/Users/kccistc/Desktop/Test by_1/project_2/project_2.srcs/sources_1/new/fnd.v:148]
INFO: [Synth 8-6155] done synthesizing module 'BCDtoSEG_decoder' (9#1) [C:/Users/kccistc/Desktop/Test by_1/project_2/project_2.srcs/sources_1/new/fnd.v:143]
INFO: [Synth 8-6155] done synthesizing module 'fndController' (10#1) [C:/Users/kccistc/Desktop/Test by_1/project_2/project_2.srcs/sources_1/new/fnd.v:1]
INFO: [Synth 8-6155] done synthesizing module 'top_counter_up_down' (11#1) [C:/Users/kccistc/Desktop/Test by_1/project_2/project_2.srcs/sources_1/new/updown_counter.v:3]
---------------------------------------------------------------------------------
Finished RTL Elaboration : Time (s): cpu = 00:00:03 ; elapsed = 00:00:03 . Memory (MB): peak = 1522.836 ; gain = 301.031
---------------------------------------------------------------------------------
---------------------------------------------------------------------------------
Start Handling Custom Attributes
---------------------------------------------------------------------------------
---------------------------------------------------------------------------------
Finished Handling Custom Attributes : Time (s): cpu = 00:00:04 ; elapsed = 00:00:03 . Memory (MB): peak = 1522.836 ; gain = 301.031
---------------------------------------------------------------------------------
---------------------------------------------------------------------------------
Finished RTL Optimization Phase 1 : Time (s): cpu = 00:00:04 ; elapsed = 00:00:03 . Memory (MB): peak = 1522.836 ; gain = 301.031
---------------------------------------------------------------------------------
Netlist sorting complete. Time (s): cpu = 00:00:00 ; elapsed = 00:00:00.001 . Memory (MB): peak = 1522.836 ; gain = 0.000
INFO: [Project 1-570] Preparing netlist for logic optimization

Processing XDC Constraints
Initializing timing engine
Parsing XDC File [D:/XDC/Basys-3-Master.xdc]
Finished Parsing XDC File [D:/XDC/Basys-3-Master.xdc]
Completed Processing XDC Constraints

Netlist sorting complete. Time (s): cpu = 00:00:00 ; elapsed = 00:00:00 . Memory (MB): peak = 1637.129 ; gain = 0.000
INFO: [Project 1-111] Unisim Transformation Summary:
No Unisim elements were transformed.

RTL Elaboration Complete:  : Time (s): cpu = 00:00:12 ; elapsed = 00:00:06 . Memory (MB): peak = 1772.340 ; gain = 550.535
28 Infos, 0 Warnings, 0 Critical Warnings and 0 Errors encountered.
synth_design completed successfully
synth_design: Time (s): cpu = 00:00:15 ; elapsed = 00:00:10 . Memory (MB): peak = 1772.340 ; gain = 667.246
place_ports {fndFont[5]} W15
save_constraints
reset_run impl_1
launch_runs impl_1 -to_step write_bitstream -jobs 8
[Tue Apr  1 16:17:47 2025] Launched impl_1...
Run output will be captured here: C:/Users/kccistc/Desktop/Test by_1/project_2/project_2.runs/impl_1/runme.log
open_hw_manager
connect_hw_server -allow_non_jtag
INFO: [Labtools 27-2285] Connecting to hw_server url TCP:localhost:3121
INFO: [Labtools 27-2222] Launching hw_server...
INFO: [Labtools 27-2221] Launch Output:

****** Xilinx hw_server v2020.2
  **** Build date : Nov 18 2020 at 10:01:48
    ** Copyright 1986-2020 Xilinx, Inc. All Rights Reserved.


INFO: [Labtools 27-3415] Connecting to cs_server url TCP:localhost:3042
INFO: [Labtools 27-3417] Launching cs_server...
INFO: [Labtools 27-2221] Launch Output:


******** Xilinx cs_server v2020.2
  ****** Build date   : Nov 04 2020-06:02:56
    **** Build number : 2020.2.1604437376
      ** Copyright 2017-2020 Xilinx, Inc. All Rights Reserved.



connect_hw_server: Time (s): cpu = 00:00:01 ; elapsed = 00:00:07 . Memory (MB): peak = 1824.488 ; gain = 0.000
open_hw_target
INFO: [Labtoolstcl 44-466] Opening hw_target localhost:3121/xilinx_tcf/Digilent/210183B9AD18A
set_property PROGRAM.FILE {C:/Users/kccistc/Desktop/Test by_1/project_2/project_2.runs/impl_1/top_counter_up_down.bit} [get_hw_devices xc7a35t_0]
current_hw_device [get_hw_devices xc7a35t_0]
refresh_hw_device -update_hw_probes false [lindex [get_hw_devices xc7a35t_0] 0]
INFO: [Labtools 27-1434] Device xc7a35t (JTAG device index = 0) is programmed with a design that has no supported debug core(s) in it.
set_property PROBES.FILE {} [get_hw_devices xc7a35t_0]
set_property FULL_PROBES.FILE {} [get_hw_devices xc7a35t_0]
set_property PROGRAM.FILE {C:/Users/kccistc/Desktop/Test by_1/project_2/project_2.runs/impl_1/top_counter_up_down.bit} [get_hw_devices xc7a35t_0]
program_hw_devices [get_hw_devices xc7a35t_0]
INFO: [Labtools 27-3164] End of startup status: HIGH
refresh_hw_device [lindex [get_hw_devices xc7a35t_0] 0]
INFO: [Labtools 27-1434] Device xc7a35t (JTAG device index = 0) is programmed with a design that has no supported debug core(s) in it.
set_property PROBES.FILE {} [get_hw_devices xc7a35t_0]
set_property FULL_PROBES.FILE {} [get_hw_devices xc7a35t_0]
set_property PROGRAM.FILE {C:/Users/kccistc/Desktop/Test by_1/project_2/project_2.runs/impl_1/top_counter_up_down.bit} [get_hw_devices xc7a35t_0]
program_hw_devices [get_hw_devices xc7a35t_0]
INFO: [Labtools 27-3164] End of startup status: HIGH
refresh_hw_device [lindex [get_hw_devices xc7a35t_0] 0]
INFO: [Labtools 27-1434] Device xc7a35t (JTAG device index = 0) is programmed with a design that has no supported debug core(s) in it.
ERROR: [Labtoolstcl 44-513] HW Target shutdown. Closing target: localhost:3121/xilinx_tcf/Digilent/210183B9AD18A
INFO: [Labtoolstcl 44-466] Opening hw_target localhost:3121/xilinx_tcf/Digilent/210183B9AD18A
INFO: [Labtools 27-1435] Device xc7a35t (JTAG device index = 0) is not programmed (DONE status = 0).
WARNING: [Labtoolstcl 44-129] No matching hw_ila_data was found.
refresh_hw_device [lindex [get_hw_devices xc7a35t_0] 0]
INFO: [Labtools 27-1435] Device xc7a35t (JTAG device index = 0) is not programmed (DONE status = 0).
set_property PROBES.FILE {} [get_hw_devices xc7a35t_0]
set_property FULL_PROBES.FILE {} [get_hw_devices xc7a35t_0]
set_property PROGRAM.FILE {C:/Users/kccistc/Desktop/Test by_1/project_2/project_2.runs/impl_1/top_counter_up_down.bit} [get_hw_devices xc7a35t_0]
program_hw_devices [get_hw_devices xc7a35t_0]
INFO: [Labtools 27-3164] End of startup status: HIGH
refresh_hw_device [lindex [get_hw_devices xc7a35t_0] 0]
INFO: [Labtools 27-1434] Device xc7a35t (JTAG device index = 0) is programmed with a design that has no supported debug core(s) in it.
